usuario|Diego 9
hora|23 6
ratio_shared|video14 1
usuario|Rocio 7
hora|04 5
video_likes|video4 1
ratio_like|video4 1
usuario|Pedro 9
hora|19 6
video_views|video5 4
ratio_view|video5 4
usuario|Sofia 10
hora|12 10
video_views|video9 4
ratio_view|video9 4
usuario|Marta 11
hora|22 7
video_likes|video12 5
ratio_like|video12 5
usuario|Moises 9
ratio_shared|video3 1
hora|06 3
video_comments|video2 1
ratio_comment|video2 1
hora|05 7
video_comments|video11 2
ratio_comment|video11 2
usuario|Ana 4
hora|18 6
video_views|video2 3
ratio_view|video2 3
usuario|Julia 10
video_comments|video3 4
ratio_comment|video3 4
usuario|Ximena 13
hora|14 5
video_likes|video7 3
ratio_like|video7 3
hora|08 5
video_views|video6 2
ratio_view|video6 2
hora|01 3
video_likes|video2 4
ratio_like|video2 4
usuario|Andres 8
hora|03 3
ratio_shared|video6 2
usuario|Carlos 10
hora|10 6
hora|20 9
video_comments|video15 2
ratio_comment|video15 2
hora|02 6
video_views|video12 2
ratio_view|video12 2
hora|11 5
ratio_shared|video9 4
video_likes|video1 2
ratio_like|video1 2
hora|15 6
video_likes|video9 3
ratio_like|video9 3
video_comments|video12 1
ratio_comment|video12 1
ratio_shared|video11 6
usuario|Luis 10
hora|17 7
video_likes|video6 2
ratio_like|video6 2
hora|16 3
video_likes|video15 1
ratio_like|video15 1
video_views|video13 1
ratio_view|video13 1
video_likes|video11 3
ratio_like|video11 3
ratio_shared|video15 3
video_likes|video10 1
ratio_like|video10 1
video_comments|video13 5
ratio_comment|video13 5
hora|09 3
video_likes|video14 1
ratio_like|video14 1
hora|13 4
video_likes|video3 1
ratio_like|video3 1
usuario|Jorge 15
video_comments|video14 2
ratio_comment|video14 2
ratio_shared|video4 2
video_views|video7 2
ratio_view|video7 2
video_views|video4 2
ratio_view|video4 2
video_likes|video8 1
ratio_like|video8 1
ratio_shared|video1 3
video_views|video8 1
ratio_view|video8 1
hora|21 5
video_comments|video1 3
ratio_comment|video1 3
video_comments|video6 2
ratio_comment|video6 2
ratio_shared|video2 2
video_views|video3 1
ratio_view|video3 1
ratio_shared|video13 2
video_views|video1 3
ratio_view|video1 3
hora|07 3
ratio_shared|video12 2
video_comments|video7 1
ratio_comment|video7 1
video_views|video15 2
ratio_view|video15 2
video_likes|video5 3
ratio_like|video5 3
video_views|video14 1
ratio_view|video14 1
ratio_shared|video8 1
video_comments|video8 3
ratio_comment|video8 3
hora|00 2
video_likes|video13 3
ratio_like|video13 3
video_views|video11 1
ratio_view|video11 1
video_comments|video10 2
ratio_comment|video10 2
ratio_shared|video7 2
video_comments|video5 3
ratio_comment|video5 3
