usuario|Diego 10
hora|06 3
video_views|video8 2
ratio_view|video8 2
usuario|Sofia 8
hora|13 13
ratio_shared|video13 2
usuario|Ximena 12
hora|23 8
video_views|video15 1
ratio_view|video15 1
usuario|Moises 14
hora|19 8
video_likes|video14 2
ratio_like|video14 2
usuario|Marta 10
hora|12 7
video_views|video7 3
ratio_view|video7 3
hora|18 6
video_comments|video1 3
ratio_comment|video1 3
hora|08 7
hora|07 3
video_comments|video12 3
ratio_comment|video12 3
video_likes|video13 4
ratio_like|video13 4
hora|17 5
video_likes|video4 3
ratio_like|video4 3
hora|16 5
ratio_shared|video3 5
usuario|Jorge 13
hora|11 4
video_comments|video2 5
ratio_comment|video2 5
video_comments|video6 2
ratio_comment|video6 2
hora|01 7
hora|10 8
ratio_shared|video1 1
usuario|Rocio 9
video_likes|video7 3
ratio_like|video7 3
video_likes|video1 3
ratio_like|video1 3
hora|21 3
video_comments|video7 4
ratio_comment|video7 4
video_likes|video11 3
ratio_like|video11 3
usuario|Julia 6
video_likes|video8 2
ratio_like|video8 2
video_views|video1 2
ratio_view|video1 2
video_comments|video9 5
ratio_comment|video9 5
hora|09 7
ratio_shared|video11 2
usuario|Luis 7
hora|05 6
video_likes|video3 1
ratio_like|video3 1
hora|02 5
ratio_shared|video4 2
video_comments|video14 2
ratio_comment|video14 2
usuario|Pedro 11
video_comments|video15 2
ratio_comment|video15 2
hora|03 3
video_comments|video10 1
ratio_comment|video10 1
hora|04 4
video_views|video10 2
ratio_view|video10 2
hora|15 3
video_views|video3 2
ratio_view|video3 2
video_likes|video5 3
ratio_like|video5 3
video_comments|video11 3
ratio_comment|video11 3
ratio_shared|video5 3
usuario|Andres 8
usuario|Ana 10
video_views|video4 3
ratio_view|video4 3
video_views|video6 2
ratio_view|video6 2
ratio_shared|video9 2
video_likes|video10 4
ratio_like|video10 4
ratio_shared|video8 1
usuario|Carlos 7
video_comments|video3 1
ratio_comment|video3 1
ratio_shared|video10 2
ratio_shared|video2 2
hora|14 3
video_views|video5 2
ratio_view|video5 2
video_likes|video15 2
ratio_like|video15 2
video_likes|video6 2
ratio_like|video6 2
hora|22 4
ratio_shared|video14 4
video_comments|video4 4
ratio_comment|video4 4
video_comments|video5 2
ratio_comment|video5 2
hora|20 3
video_views|video9 1
ratio_view|video9 1
video_views|video14 3
ratio_view|video14 3
video_views|video13 1
ratio_view|video13 1
video_comments|video13 1
ratio_comment|video13 1
video_views|video11 1
ratio_view|video11 1
video_likes|video12 1
ratio_like|video12 1
ratio_shared|video6 1
video_views|video12 1
ratio_view|video12 1
ratio_shared|video7 1
