usuario|Ximena 6
hora|11 7
video_comments|video3 3
ratio_comment|video3 3
usuario|Andres 7
hora|12 7
video_views|video9 2
ratio_view|video9 2
usuario|Pedro 7
hora|09 7
video_comments|video8 1
ratio_comment|video8 1
usuario|Carlos 8
hora|02 2
ratio_shared|video1 2
usuario|Diego 9
video_comments|video4 4
ratio_comment|video4 4
usuario|Ana 12
hora|20 6
video_views|video4 2
ratio_view|video4 2
hora|21 6
video_comments|video2 3
ratio_comment|video2 3
hora|19 8
video_views|video5 2
ratio_view|video5 2
hora|16 9
usuario|Marta 12
hora|10 3
ratio_shared|video12 2
hora|15 5
ratio_shared|video6 1
usuario|Luis 11
ratio_shared|video8 5
hora|14 3
ratio_shared|video5 4
video_comments|video9 2
ratio_comment|video9 2
usuario|Julia 9
hora|00 9
video_views|video12 4
ratio_view|video12 4
video_likes|video1 3
ratio_like|video1 3
hora|23 5
video_comments|video6 4
ratio_comment|video6 4
usuario|Moises 11
hora|05 6
video_likes|video5 2
ratio_like|video5 2
video_views|video10 2
ratio_view|video10 2
ratio_shared|video14 2
hora|07 4
video_likes|video8 1
ratio_like|video8 1
hora|04 5
video_comments|video7 3
ratio_comment|video7 3
video_comments|video1 1
ratio_comment|video1 1
hora|03 6
usuario|Rocio 10
ratio_shared|video9 1
hora|13 7
ratio_shared|video10 6
usuario|Sofia 11
usuario|Jorge 12
video_views|video11 1
ratio_view|video11 1
hora|18 1
hora|06 5
video_views|video6 3
ratio_view|video6 3
ratio_shared|video4 3
ratio_shared|video11 2
video_likes|video7 3
ratio_like|video7 3
ratio_shared|video15 2
video_likes|video2 1
ratio_like|video2 1
video_comments|video12 1
ratio_comment|video12 1
video_views|video2 2
ratio_view|video2 2
video_likes|video13 4
ratio_like|video13 4
video_likes|video11 2
ratio_like|video11 2
video_views|video3 2
ratio_view|video3 2
ratio_shared|video7 2
video_likes|video15 2
ratio_like|video15 2
hora|08 6
video_likes|video4 3
ratio_like|video4 3
video_likes|video6 2
ratio_like|video6 2
hora|22 4
ratio_shared|video13 2
video_comments|video14 2
ratio_comment|video14 2
video_comments|video11 2
ratio_comment|video11 2
video_views|video15 2
ratio_view|video15 2
ratio_shared|video2 2
video_views|video7 2
ratio_view|video7 2
hora|17 2
video_likes|video12 2
ratio_like|video12 2
ratio_shared|video3 1
video_likes|video3 3
ratio_like|video3 3
video_comments|video15 2
ratio_comment|video15 2
video_views|video8 2
ratio_view|video8 2
hora|01 2
video_likes|video10 1
ratio_like|video10 1
video_comments|video13 1
ratio_comment|video13 1
video_views|video14 2
ratio_view|video14 2
video_views|video1 1
ratio_view|video1 1
video_likes|video9 1
ratio_like|video9 1
