usuario|Sofia 10
hora|19 8
ratio_shared|video7 3
usuario|Diego 12
hora|14 8
ratio_shared|video3 4
usuario|Rocio 10
hora|05 6
video_comments|video3 2
ratio_comment|video3 2
usuario|Ana 10
hora|02 6
video_views|video7 2
ratio_view|video7 2
usuario|Jorge 7
video_views|video11 2
ratio_view|video11 2
hora|20 9
video_likes|video10 3
ratio_like|video10 3
usuario|Ximena 9
hora|12 3
video_comments|video2 1
ratio_comment|video2 1
hora|15 10
video_likes|video14 4
ratio_like|video14 4
usuario|Andres 11
hora|03 4
ratio_shared|video15 4
hora|23 8
video_views|video5 1
ratio_view|video5 1
usuario|Carlos 13
hora|00 4
video_likes|video3 3
ratio_like|video3 3
usuario|Moises 11
video_comments|video4 4
ratio_comment|video4 4
video_views|video14 4
ratio_view|video14 4
usuario|Pedro 9
hora|17 4
usuario|Luis 10
hora|18 3
ratio_shared|video6 4
usuario|Julia 7
hora|16 5
hora|06 8
ratio_shared|video1 1
hora|13 6
hora|04 4
video_likes|video15 3
ratio_like|video15 3
video_comments|video1 2
ratio_comment|video1 2
video_likes|video8 4
ratio_like|video8 4
hora|11 6
video_comments|video6 2
ratio_comment|video6 2
hora|01 3
video_views|video2 3
ratio_view|video2 3
video_views|video13 2
ratio_view|video13 2
video_comments|video13 4
ratio_comment|video13 4
video_views|video4 2
ratio_view|video4 2
hora|08 4
ratio_shared|video12 3
ratio_shared|video14 3
video_likes|video1 2
ratio_like|video1 2
video_comments|video15 1
ratio_comment|video15 1
video_views|video1 4
ratio_view|video1 4
video_likes|video9 2
ratio_like|video9 2
usuario|Marta 6
video_views|video12 5
ratio_view|video12 5
hora|07 3
ratio_shared|video5 4
video_views|video10 1
ratio_view|video10 1
video_likes|video2 2
ratio_like|video2 2
video_views|video9 1
ratio_view|video9 1
hora|10 5
video_likes|video7 2
ratio_like|video7 2
hora|21 3
video_likes|video4 1
ratio_like|video4 1
ratio_shared|video2 1
ratio_shared|video13 2
video_views|video3 5
ratio_view|video3 5
video_views|video15 1
ratio_view|video15 1
ratio_shared|video4 2
video_comments|video8 2
ratio_comment|video8 2
video_views|video8 2
ratio_view|video8 2
hora|22 3
video_likes|video13 1
ratio_like|video13 1
ratio_shared|video9 2
video_comments|video10 4
ratio_comment|video10 4
hora|09 2
video_comments|video14 1
ratio_comment|video14 1
video_comments|video11 1
ratio_comment|video11 1
video_comments|video12 1
ratio_comment|video12 1
ratio_shared|video11 1
video_likes|video11 2
ratio_like|video11 2
video_likes|video6 1
ratio_like|video6 1
ratio_shared|video8 1
